# JRE version: Java(TM) SE Runtime Environment (21.0.6+8) (build 21.0.6+8-LTS-188)
# Java VM: Java HotSpot(TM) 64-Bit Server VM (21.0.6+8-LTS-188, mixed mode, sharing, tiered, compressed oops, compressed class ptrs, g1 gc, windows-amd64)
GC Precious Log:
 CardTable entry size: 512
 Card Set container configuration: InlinePtr #cards 5 size 8 Array Of Cards #cards 12 size 40 Howl #buckets 4 coarsen threshold 1843 Howl Bitmap #cards 512 size 80 coarsen threshold 460 Card regions per heap region 1 cards per card region 2048
 CPUs: 8 total, 8 available
 Memory: 16167M
 Large Page Support: Disabled
 NUMA Support: Disabled
 Compressed Oops: Enabled (32-bit)
 Heap Region Size: 1M
 Heap Min Capacity: 8M
 Heap Initial Capacity: 254M
 Heap Max Capacity: 2G
 Pre-touch: Disabled
 Parallel Workers: 8
 Concurrent Workers: 2
 Concurrent Refinement Workers: 8
 Periodic GC: Disabled
Heap:
 garbage-first heap   total 239616K, used 169523K [0x0000000080000000, 0x0000000100000000)
  region size 1024K, 31 young (31744K), 6 survivors (6144K)
 Metaspace       used 144050K, committed 146688K, reserved 1179648K
  class space    used 18908K, committed 20224K, reserved 1048576K
GC Heap History (20 events):
Event: 72.624 GC heap before
{Heap before GC invocations=35 (full 0):
 garbage-first heap   total 181248K, used 163053K [0x0000000080000000, 0x0000000100000000)
  region size 1024K, 60 young (61440K), 7 survivors (7168K)
 Metaspace       used 105453K, committed 107584K, reserved 1179648K
  class space    used 13781K, committed 14848K, reserved 1048576K
}
Event: 72.630 GC heap after
{Heap after GC invocations=36 (full 0):
 garbage-first heap   total 181248K, used 110420K [0x0000000080000000, 0x0000000100000000)
  region size 1024K, 6 young (6144K), 6 survivors (6144K)
 Metaspace       used 105453K, committed 107584K, reserved 1179648K
  class space    used 13781K, committed 14848K, reserved 1048576K
}
Event: 76.551 GC heap before
{Heap before GC invocations=36 (full 0):
 garbage-first heap   total 181248K, used 131924K [0x0000000080000000, 0x0000000100000000)
  region size 1024K, 29 young (29696K), 6 survivors (6144K)
 Metaspace       used 108781K, committed 110912K, reserved 1179648K
  class space    used 14114K, committed 15168K, reserved 1048576K
}
Event: 76.555 GC heap after
{Heap after GC invocations=37 (full 0):
 garbage-first heap   total 181248K, used 111166K [0x0000000080000000, 0x0000000100000000)
  region size 1024K, 3 young (3072K), 3 survivors (3072K)
 Metaspace       used 108781K, committed 110912K, reserved 1179648K
  class space    used 14114K, committed 15168K, reserved 1048576K
}
Event: 77.827 GC heap before
{Heap before GC invocations=38 (full 0):
 garbage-first heap   total 196608K, used 172606K [0x0000000080000000, 0x0000000100000000)
  region size 1024K, 57 young (58368K), 3 survivors (3072K)
 Metaspace       used 112870K, committed 115136K, reserved 1179648K
  class space    used 14607K, committed 15744K, reserved 1048576K
}
Event: 77.832 GC heap after
{Heap after GC invocations=39 (full 0):
 garbage-first heap   total 196608K, used 123043K [0x0000000080000000, 0x0000000100000000)
  region size 1024K, 8 young (8192K), 8 survivors (8192K)
 Metaspace       used 112870K, committed 115136K, reserved 1179648K
  class space    used 14607K, committed 15744K, reserved 1048576K
}
Event: 78.960 GC heap before
{Heap before GC invocations=39 (full 0):
 garbage-first heap   total 196608K, used 176291K [0x0000000080000000, 0x0000000100000000)
  region size 1024K, 60 young (61440K), 8 survivors (8192K)
 Metaspace       used 118191K, committed 120576K, reserved 1179648K
  class space    used 15282K, committed 16448K, reserved 1048576K
}
Event: 78.966 GC heap after
{Heap after GC invocations=40 (full 0):
 garbage-first heap   total 196608K, used 124111K [0x0000000080000000, 0x0000000100000000)
  region size 1024K, 3 young (3072K), 3 survivors (3072K)
 Metaspace       used 118191K, committed 120576K, reserved 1179648K
  class space    used 15282K, committed 16448K, reserved 1048576K
}
Event: 79.280 GC heap before
{Heap before GC invocations=40 (full 0):
 garbage-first heap   total 196608K, used 129231K [0x0000000080000000, 0x0000000100000000)
  region size 1024K, 9 young (9216K), 3 survivors (3072K)
 Metaspace       used 119495K, committed 121856K, reserved 1179648K
  class space    used 15418K, committed 16576K, reserved 1048576K
}
Event: 79.283 GC heap after
{Heap after GC invocations=41 (full 0):
 garbage-first heap   total 196608K, used 125493K [0x0000000080000000, 0x0000000100000000)
  region size 1024K, 4 young (4096K), 4 survivors (4096K)
 Metaspace       used 119495K, committed 121856K, reserved 1179648K
  class space    used 15418K, committed 16576K, reserved 1048576K
}
Event: 81.594 GC heap before
{Heap before GC invocations=42 (full 0):
 garbage-first heap   total 235520K, used 182837K [0x0000000080000000, 0x0000000100000000)
  region size 1024K, 56 young (57344K), 4 survivors (4096K)
 Metaspace       used 122432K, committed 124800K, reserved 1179648K
  class space    used 15822K, committed 17024K, reserved 1048576K
}
Event: 81.600 GC heap after
{Heap after GC invocations=43 (full 0):
 garbage-first heap   total 235520K, used 129468K [0x0000000080000000, 0x0000000100000000)
  region size 1024K, 7 young (7168K), 7 survivors (7168K)
 Metaspace       used 122432K, committed 124800K, reserved 1179648K
  class space    used 15822K, committed 17024K, reserved 1048576K
}
Event: 94.430 GC heap before
{Heap before GC invocations=43 (full 0):
 garbage-first heap   total 235520K, used 208316K [0x0000000080000000, 0x0000000100000000)
  region size 1024K, 81 young (82944K), 7 survivors (7168K)
 Metaspace       used 128680K, committed 131136K, reserved 1179648K
  class space    used 16634K, committed 17856K, reserved 1048576K
}
Event: 94.457 GC heap after
{Heap after GC invocations=44 (full 0):
 garbage-first heap   total 235520K, used 135515K [0x0000000080000000, 0x0000000100000000)
  region size 1024K, 11 young (11264K), 11 survivors (11264K)
 Metaspace       used 128680K, committed 131136K, reserved 1179648K
  class space    used 16634K, committed 17856K, reserved 1048576K
}
Event: 105.363 GC heap before
{Heap before GC invocations=44 (full 0):
 garbage-first heap   total 235520K, used 209243K [0x0000000080000000, 0x0000000100000000)
  region size 1024K, 83 young (84992K), 11 survivors (11264K)
 Metaspace       used 132068K, committed 134528K, reserved 1179648K
  class space    used 17070K, committed 18304K, reserved 1048576K
}
Event: 105.408 GC heap after
{Heap after GC invocations=45 (full 0):
 garbage-first heap   total 235520K, used 141180K [0x0000000080000000, 0x0000000100000000)
  region size 1024K, 11 young (11264K), 11 survivors (11264K)
 Metaspace       used 132068K, committed 134528K, reserved 1179648K
  class space    used 17070K, committed 18304K, reserved 1048576K
}
Event: 109.986 GC heap before
{Heap before GC invocations=46 (full 0):
 garbage-first heap   total 239616K, used 210812K [0x0000000080000000, 0x0000000100000000)
  region size 1024K, 78 young (79872K), 11 survivors (11264K)
 Metaspace       used 137340K, committed 139840K, reserved 1179648K
  class space    used 17950K, committed 19200K, reserved 1048576K
}
Event: 109.997 GC heap after
{Heap after GC invocations=47 (full 0):
 garbage-first heap   total 239616K, used 144218K [0x0000000080000000, 0x0000000100000000)
  region size 1024K, 8 young (8192K), 8 survivors (8192K)
 Metaspace       used 137340K, committed 139840K, reserved 1179648K
  class space    used 17950K, committed 19200K, reserved 1048576K
}
Event: 113.385 GC heap before
{Heap before GC invocations=47 (full 0):
 garbage-first heap   total 239616K, used 217946K [0x0000000080000000, 0x0000000100000000)
  region size 1024K, 80 young (81920K), 8 survivors (8192K)
 Metaspace       used 142398K, committed 145024K, reserved 1179648K
  class space    used 18689K, committed 20032K, reserved 1048576K
}
Event: 113.398 GC heap after
{Heap after GC invocations=48 (full 0):
 garbage-first heap   total 239616K, used 144947K [0x0000000080000000, 0x0000000100000000)
  region size 1024K, 6 young (6144K), 6 survivors (6144K)
 Metaspace       used 142398K, committed 145024K, reserved 1179648K
  class space    used 18689K, committed 20032K, reserved 1048576K
}

